0 info it worked if it ends with ok
1 verbose cli [ '/usr/local/node/bin/node',
1 verbose cli   '/usr/local/node/bin/npm',
1 verbose cli   'start' ]
2 info using npm@3.10.8
3 info using node@v6.9.1
4 verbose run-script [ 'prestart', 'start', 'poststart' ]
5 info lifecycle tg-nms@0.1.0~prestart: tg-nms@0.1.0
6 silly lifecycle tg-nms@0.1.0~prestart: no script for prestart, continuing
7 info lifecycle tg-nms@0.1.0~start: tg-nms@0.1.0
8 verbose lifecycle tg-nms@0.1.0~start: unsafe-perm in lifecycle true
9 verbose lifecycle tg-nms@0.1.0~start: PATH: /usr/local/node/lib/node_modules/npm/bin/node-gyp-bin:/home/talkhasib/tgnms/node_modules/.bin:/usr/local/node/bin/:/usr/local/bin:/bin:/usr/bin:/usr/local/sbin:/usr/sbin:/usr/facebook/ops/scripts:/usr/facebook/scripts:/opt/local/bin:/usr/facebook/ops/scripts:/usr/facebook/scripts:/usr/facebook/scripts:/usr/facebook/scripts/db:/usr/local/sbin:/usr/sbin:/sbin:/mnt/vol/engshare/svnroot/tfb/trunk/www/scripts/bin:/mnt/vol/engshare/admin/scripts/hg:/mnt/vol/engshare/admin/scripts/git:/mnt/vol/engshare/admin/scripts:/home/talkhasib/www/scripts/bin:/usr/facebook/ops/scripts:/usr/facebook/scripts:/usr/facebook/ops/scripts:/usr/facebook/scripts:/usr/facebook/scripts:/usr/facebook/scripts/db:/usr/local/sbin:/usr/sbin:/sbin:/mnt/vol/engshare/svnroot/tfb/trunk/www/scripts/bin:/mnt/vol/engshare/admin/scripts/hg:/mnt/vol/engshare/admin/scripts/git:/mnt/vol/engshare/admin/scripts:/home/talkhasib/www/scripts/bin:/data/users/talkhasib/poky/meta-terragraph/utils:/home/talkhasib/work/scripts:/home/talkhasib/bin
10 verbose lifecycle tg-nms@0.1.0~start: CWD: /home/talkhasib/tgnms
11 silly lifecycle tg-nms@0.1.0~start: Args: [ '-c', 'node server' ]
12 silly lifecycle tg-nms@0.1.0~start: Returned: code: 1  signal: null
13 info lifecycle tg-nms@0.1.0~start: Failed to exec start script
14 verbose stack Error: tg-nms@0.1.0 start: `node server`
14 verbose stack Exit status 1
14 verbose stack     at EventEmitter.<anonymous> (/usr/local/node/lib/node_modules/npm/lib/utils/lifecycle.js:255:16)
14 verbose stack     at emitTwo (events.js:106:13)
14 verbose stack     at EventEmitter.emit (events.js:191:7)
14 verbose stack     at ChildProcess.<anonymous> (/usr/local/node/lib/node_modules/npm/lib/utils/spawn.js:40:14)
14 verbose stack     at emitTwo (events.js:106:13)
14 verbose stack     at ChildProcess.emit (events.js:191:7)
14 verbose stack     at maybeClose (internal/child_process.js:877:16)
14 verbose stack     at Process.ChildProcess._handle.onexit (internal/child_process.js:226:5)
15 verbose pkgid tg-nms@0.1.0
16 verbose cwd /home/talkhasib/tgnms
17 error Linux 4.0.9-63_fbk11_3989_g7d5ca22
18 error argv "/usr/local/node/bin/node" "/usr/local/node/bin/npm" "start"
19 error node v6.9.1
20 error npm  v3.10.8
21 error code ELIFECYCLE
22 error tg-nms@0.1.0 start: `node server`
22 error Exit status 1
23 error Failed at the tg-nms@0.1.0 start script 'node server'.
23 error Make sure you have the latest version of node.js and npm installed.
23 error If you do, this is most likely a problem with the tg-nms package,
23 error not with npm itself.
23 error Tell the author that this fails on your system:
23 error     node server
23 error You can get information on how to open an issue for this project with:
23 error     npm bugs tg-nms
23 error Or if that isn't available, you can get their info via:
23 error     npm owner ls tg-nms
23 error There is likely additional logging output above.
24 verbose exit [ 1, true ]
